<?xml version="1.0" encoding="UTF-8"?>
<testsuite xmlns:xsi="http://www.w3.org/2001/XMLSchema-instance" xsi:noNamespaceSchemaLocation="https://maven.apache.org/surefire/maven-surefire-plugin/xsd/surefire-test-report.xsd" version="3.0.2" name="ru.neoflex.calculator.service.ScoringServiceTest" time="0.267" tests="22" errors="0" skipped="0" failures="0">
  <properties>
[...]
</properties>
  <testcase name="scoringShouldThrowExceptionWhenUnemployed" classname="ru.neoflex.calculator.service.ScoringServiceTest" time="0.006">
    <system-out><![CDATA[2026-03-31T22:07:25.555+04:00  INFO 11076 --- [calculator] [           main] r.n.calculator.service.ScoringService    : Scoring started for user null null
]]></system-out>
  </testcase>
  <testcase name="scoringShouldCalculateCorrectRateBasedOnInsuranceEnabledAndSalaryClient(boolean, boolean, BigDecimal, BigDecimal)[1]" classname="ru.neoflex.calculator.service.ScoringServiceTest" time="0.011">
    <system-out><![CDATA[2026-03-31T22:07:25.573+04:00  INFO 11076 --- [calculator] [           main] r.n.calculator.service.ScoringService    : Scoring started for user null null
2026-03-31T22:07:25.575+04:00  INFO 11076 --- [calculator] [           main] r.n.calculator.service.ScoringService    : Scoring completed successfully. Final calculated rate is 0.05
]]></system-out>
  </testcase>
  <testcase name="scoringShouldCalculateCorrectRateBasedOnInsuranceEnabledAndSalaryClient(boolean, boolean, BigDecimal, BigDecimal)[2]" classname="ru.neoflex.calculator.service.ScoringServiceTest" time="0.019">
    <system-out><![CDATA[2026-03-31T22:07:25.593+04:00  INFO 11076 --- [calculator] [           main] r.n.calculator.service.ScoringService    : Scoring started for user null null
2026-03-31T22:07:25.596+04:00  INFO 11076 --- [calculator] [           main] r.n.calculator.service.ScoringService    : Scoring completed successfully. Final calculated rate is 0.06
]]></system-out>
  </testcase>
  <testcase name="scoringShouldCalculateCorrectRateBasedOnInsuranceEnabledAndSalaryClient(boolean, boolean, BigDecimal, BigDecimal)[3]" classname="ru.neoflex.calculator.service.ScoringServiceTest" time="0.006">
    <system-out><![CDATA[2026-03-31T22:07:25.619+04:00  INFO 11076 --- [calculator] [           main] r.n.calculator.service.ScoringService    : Scoring started for user null null
2026-03-31T22:07:25.620+04:00  INFO 11076 --- [calculator] [           main] r.n.calculator.service.ScoringService    : Scoring completed successfully. Final calculated rate is 0.08
]]></system-out>
  </testcase>
  <testcase name="scoringShouldCalculateCorrectRateBasedOnInsuranceEnabledAndSalaryClient(boolean, boolean, BigDecimal, BigDecimal)[4]" classname="ru.neoflex.calculator.service.ScoringServiceTest" time="0.007">
    <system-out><![CDATA[2026-03-31T22:07:25.628+04:00  INFO 11076 --- [calculator] [           main] r.n.calculator.service.ScoringService    : Scoring started for user null null
2026-03-31T22:07:25.629+04:00  INFO 11076 --- [calculator] [           main] r.n.calculator.service.ScoringService    : Scoring completed successfully. Final calculated rate is 0.09
]]></system-out>
  </testcase>
  <testcase name="scoringShouldThrowExceptionWhenWorkExperienceTotalLessThan18_OrWorkExperienceCurrentLessThan3(int, int)[1]" classname="ru.neoflex.calculator.service.ScoringServiceTest" time="0.008">
    <system-out><![CDATA[2026-03-31T22:07:25.645+04:00  INFO 11076 --- [calculator] [           main] r.n.calculator.service.ScoringService    : Scoring started for user null null
]]></system-out>
  </testcase>
  <testcase name="scoringShouldThrowExceptionWhenWorkExperienceTotalLessThan18_OrWorkExperienceCurrentLessThan3(int, int)[2]" classname="ru.neoflex.calculator.service.ScoringServiceTest" time="0.006">
    <system-out><![CDATA[2026-03-31T22:07:25.652+04:00  INFO 11076 --- [calculator] [           main] r.n.calculator.service.ScoringService    : Scoring started for user null null
]]></system-out>
  </testcase>
  <testcase name="scoringShouldThrowExceptionWhenWorkExperienceTotalLessThan18_OrWorkExperienceCurrentLessThan3(int, int)[3]" classname="ru.neoflex.calculator.service.ScoringServiceTest" time="0.005">
    <system-out><![CDATA[2026-03-31T22:07:25.660+04:00  INFO 11076 --- [calculator] [           main] r.n.calculator.service.ScoringService    : Scoring started for user null null
]]></system-out>
  </testcase>
  <testcase name="scoringShouldThrowExceptionWhenWorkExperienceTotalLessThan18_OrWorkExperienceCurrentLessThan3(int, int)[4]" classname="ru.neoflex.calculator.service.ScoringServiceTest" time="0.005">
    <system-out><![CDATA[2026-03-31T22:07:25.667+04:00  INFO 11076 --- [calculator] [           main] r.n.calculator.service.ScoringService    : Scoring started for user null null
]]></system-out>
  </testcase>
  <testcase name="scoringShouldCalculateCorrectRateBasedOnAgeAndGender(Gender, int, BigDecimal, BigDecimal)[1]" classname="ru.neoflex.calculator.service.ScoringServiceTest" time="0.012">
    <system-out><![CDATA[2026-03-31T22:07:25.685+04:00  INFO 11076 --- [calculator] [           main] r.n.calculator.service.ScoringService    : Scoring started for user null null
2026-03-31T22:07:25.687+04:00  INFO 11076 --- [calculator] [           main] r.n.calculator.service.ScoringService    : Scoring completed successfully. Final calculated rate is 0.09
]]></system-out>
  </testcase>
  <testcase name="scoringShouldCalculateCorrectRateBasedOnAgeAndGender(Gender, int, BigDecimal, BigDecimal)[2]" classname="ru.neoflex.calculator.service.ScoringServiceTest" time="0.008">
    <system-out><![CDATA[2026-03-31T22:07:25.696+04:00  INFO 11076 --- [calculator] [           main] r.n.calculator.service.ScoringService    : Scoring started for user null null
2026-03-31T22:07:25.697+04:00  INFO 11076 --- [calculator] [           main] r.n.calculator.service.ScoringService    : Scoring completed successfully. Final calculated rate is 0.09
]]></system-out>
  </testcase>
  <testcase name="scoringShouldCalculateCorrectRateBasedOnAgeAndGender(Gender, int, BigDecimal, BigDecimal)[3]" classname="ru.neoflex.calculator.service.ScoringServiceTest" time="0.01">
    <system-out><![CDATA[2026-03-31T22:07:25.707+04:00  INFO 11076 --- [calculator] [           main] r.n.calculator.service.ScoringService    : Scoring started for user null null
2026-03-31T22:07:25.709+04:00  INFO 11076 --- [calculator] [           main] r.n.calculator.service.ScoringService    : Scoring completed successfully. Final calculated rate is 0.12
]]></system-out>
  </testcase>
  <testcase name="scoringShouldCalculateCorrectRateBasedOnAgeAndGender(Gender, int, BigDecimal, BigDecimal)[4]" classname="ru.neoflex.calculator.service.ScoringServiceTest" time="0.01">
    <system-out><![CDATA[2026-03-31T22:07:25.719+04:00  INFO 11076 --- [calculator] [           main] r.n.calculator.service.ScoringService    : Scoring started for user null null
2026-03-31T22:07:25.721+04:00  INFO 11076 --- [calculator] [           main] r.n.calculator.service.ScoringService    : Scoring completed successfully. Final calculated rate is 0.12
]]></system-out>
  </testcase>
  <testcase name="scoringShouldCalculateCorrectRate(EmploymentStatus, Position, MaritalStatus, BigDecimal, BigDecimal)[1]" classname="ru.neoflex.calculator.service.ScoringServiceTest" time="0.011">
    <system-out><![CDATA[2026-03-31T22:07:25.742+04:00  INFO 11076 --- [calculator] [           main] r.n.calculator.service.ScoringService    : Scoring started for user null null
2026-03-31T22:07:25.742+04:00  INFO 11076 --- [calculator] [           main] r.n.calculator.service.ScoringService    : Scoring completed successfully. Final calculated rate is 0.07
]]></system-out>
  </testcase>
  <testcase name="scoringShouldCalculateCorrectRate(EmploymentStatus, Position, MaritalStatus, BigDecimal, BigDecimal)[2]" classname="ru.neoflex.calculator.service.ScoringServiceTest" time="0.007">
    <system-out><![CDATA[2026-03-31T22:07:25.750+04:00  INFO 11076 --- [calculator] [           main] r.n.calculator.service.ScoringService    : Scoring started for user null null
2026-03-31T22:07:25.751+04:00  INFO 11076 --- [calculator] [           main] r.n.calculator.service.ScoringService    : Scoring completed successfully. Final calculated rate is 0.10
]]></system-out>
  </testcase>
  <testcase name="scoringShouldCalculateCorrectRate(EmploymentStatus, Position, MaritalStatus, BigDecimal, BigDecimal)[3]" classname="ru.neoflex.calculator.service.ScoringServiceTest" time="0.006">
    <system-out><![CDATA[2026-03-31T22:07:25.759+04:00  INFO 11076 --- [calculator] [           main] r.n.calculator.service.ScoringService    : Scoring started for user null null
2026-03-31T22:07:25.759+04:00  INFO 11076 --- [calculator] [           main] r.n.calculator.service.ScoringService    : Scoring completed successfully. Final calculated rate is 0.12
]]></system-out>
  </testcase>
  <testcase name="scoringShouldCalculateCorrectRate(EmploymentStatus, Position, MaritalStatus, BigDecimal, BigDecimal)[4]" classname="ru.neoflex.calculator.service.ScoringServiceTest" time="0.006">
    <system-out><![CDATA[2026-03-31T22:07:25.766+04:00  INFO 11076 --- [calculator] [           main] r.n.calculator.service.ScoringService    : Scoring started for user null null
2026-03-31T22:07:25.766+04:00  INFO 11076 --- [calculator] [           main] r.n.calculator.service.ScoringService    : Scoring completed successfully. Final calculated rate is 0.13
]]></system-out>
  </testcase>
  <testcase name="scoringShouldThrowExceptionWhenAmountMoreThan24MonthsSalary" classname="ru.neoflex.calculator.service.ScoringServiceTest" time="0.006">
    <system-out><![CDATA[2026-03-31T22:07:25.773+04:00  INFO 11076 --- [calculator] [           main] r.n.calculator.service.ScoringService    : Scoring started for user null null
]]></system-out>
  </testcase>
  <testcase name="scoringShouldThrowExceptionWhenAgeLessThan20OrMoreThan65(int)[1]" classname="ru.neoflex.calculator.service.ScoringServiceTest" time="0.007">
    <system-out><![CDATA[2026-03-31T22:07:25.785+04:00  INFO 11076 --- [calculator] [           main] r.n.calculator.service.ScoringService    : Scoring started for user null null
]]></system-out>
  </testcase>
  <testcase name="scoringShouldThrowExceptionWhenAgeLessThan20OrMoreThan65(int)[2]" classname="ru.neoflex.calculator.service.ScoringServiceTest" time="0.009">
    <system-out><![CDATA[2026-03-31T22:07:25.795+04:00  INFO 11076 --- [calculator] [           main] r.n.calculator.service.ScoringService    : Scoring started for user null null
]]></system-out>
  </testcase>
  <testcase name="scoringShouldThrowExceptionWhenAgeLessThan20OrMoreThan65(int)[3]" classname="ru.neoflex.calculator.service.ScoringServiceTest" time="0.006">
    <system-out><![CDATA[2026-03-31T22:07:25.805+04:00  INFO 11076 --- [calculator] [           main] r.n.calculator.service.ScoringService    : Scoring started for user null null
]]></system-out>
  </testcase>
  <testcase name="scoringShouldThrowExceptionWhenAgeLessThan20OrMoreThan65(int)[4]" classname="ru.neoflex.calculator.service.ScoringServiceTest" time="0.007">
    <system-out><![CDATA[2026-03-31T22:07:25.812+04:00  INFO 11076 --- [calculator] [           main] r.n.calculator.service.ScoringService    : Scoring started for user null null
]]></system-out>
  </testcase>
</testsuite>